<?xml version="1.0" encoding="UTF-8"?>
<!-- Generated by org.testng.reporters.JUnitReportReporter -->
<testsuite hostname="CPX-ZER874YDE29" failures="0" tests="1" name="Tests.loginmodule_Test" time="2.831" errors="0" timestamp="2023-06-15T21:49:01 AST" skipped="0">
  <testcase classname="Tests.loginmodule_Test" name="Admincanloginsuccessfully" time="2.831"/>
</testsuite> <!-- Tests.loginmodule_Test -->
